<?xml version="1.0" encoding="UTF-8"?>
<!-- Generated by org.testng.reporters.JUnitReportReporter -->
<testsuite hostname="DESKTOP-15R3KD4" failures="0" tests="11" name="almosafer.myTestcases" time="23.081" errors="0" timestamp="2024-06-23T19:08:35 EET" skipped="0">
  <testcase classname="almosafer.myTestcases" name="testDefaultLanguage" time="0.026"/>
  <system-out/>
  <testcase classname="almosafer.myTestcases" name="CheckTheCurrencyIsSAR" time="0.022"/>
  <system-out/>
  <testcase classname="almosafer.myTestcases" name="CheckTheContactnumber" time="0.016"/>
  <system-out/>
  <testcase classname="almosafer.myTestcases" name="CheckQitafLogoIfDisplayed" time="0.035"/>
  <system-out/>
  <testcase classname="almosafer.myTestcases" name="VerifyTheHotelsTapIsNotselected" time="0.015"/>
  <system-out/>
  <testcase classname="almosafer.myTestcases" name="FligtDepartureAndReturneDate" time="0.030"/>
  <system-out/>
  <testcase classname="almosafer.myTestcases" name="ChangeLanguageRandom" time="0.793"/>
  <system-out/>
  <testcase classname="almosafer.myTestcases" name="HotelsTapSelection" time="0.163"/>
  <system-out/>
  <testcase classname="almosafer.myTestcases" name="SelectRandomNumOfPeople" time="3.147"/>
  <system-out/>
  <testcase classname="almosafer.myTestcases" name="RuseltBar" time="15.912"/>
  <system-out/>
  <testcase classname="almosafer.myTestcases" name="SortItemsPriceLowToHigh" time="2.922"/>
  <system-out/>
</testsuite> <!-- almosafer.myTestcases -->
